<?xml version="1.0" encoding="UTF-8"?>
<robot generator="Robot 7.3.2 (Python 3.11.0 on win32)" generated="2025-09-11T21:40:10.845678" rpa="false" schemaversion="5">
<suite id="s1" name="Crm" source="D:\Ninja\RobotProjects\PythonProject\first-script\tests\crm.robot">
<test id="s1-t1" name="Should be able to add new customer" line="10">
<kw name="Set Selenium Speed" owner="SeleniumLibrary">
<arg>.2s</arg>
<doc>Sets the delay that is waited after each Selenium command.</doc>
<status status="PASS" start="2025-09-11T21:40:11.488354" elapsed="0.000999"/>
</kw>
<kw name="Set Selenium Timeout" owner="SeleniumLibrary">
<arg>10s</arg>
<doc>Sets the timeout that is used by various keywords.</doc>
<status status="PASS" start="2025-09-11T21:40:11.490353" elapsed="0.000000"/>
</kw>
<kw name="Log" owner="BuiltIn">
<msg time="2025-09-11T21:40:11.490353" level="INFO">Starting the test case</msg>
<arg>Starting the test case</arg>
<doc>Logs the given message with the given level.</doc>
<status status="PASS" start="2025-09-11T21:40:11.490353" elapsed="0.000000"/>
</kw>
<kw name="Open Browser" owner="SeleniumLibrary">
<msg time="2025-09-11T21:40:11.491353" level="INFO">Opening browser 'chrome' to base url 'https://automationplayground.com/crm/'.</msg>
<arg>https://automationplayground.com/crm/</arg>
<arg>chrome</arg>
<doc>Opens a new browser instance to the optional ``url``.</doc>
<status status="PASS" start="2025-09-11T21:40:11.491353" elapsed="8.677963"/>
</kw>
<kw name="Set Window Position" owner="SeleniumLibrary">
<arg>x=341</arg>
<arg>y=169</arg>
<doc>Sets window position using ``x`` and ``y`` coordinates.</doc>
<status status="PASS" start="2025-09-11T21:40:20.170305" elapsed="0.240761"/>
</kw>
<kw name="Set Window Size" owner="SeleniumLibrary">
<arg>width=1800</arg>
<arg>height=900</arg>
<doc>Sets current windows size to given ``width`` and ``height``.</doc>
<status status="PASS" start="2025-09-11T21:40:20.412056" elapsed="0.261113"/>
</kw>
<kw name="Sleep" owner="BuiltIn">
<msg time="2025-09-11T21:40:23.674329" level="INFO">Slept 3 seconds.</msg>
<arg>3s</arg>
<doc>Pauses the test executed for the given time.</doc>
<status status="PASS" start="2025-09-11T21:40:20.674171" elapsed="3.000158"/>
</kw>
<kw name="Close Browser" owner="SeleniumLibrary">
<doc>Closes the current browser.</doc>
<status status="PASS" start="2025-09-11T21:40:23.675636" elapsed="2.576556"/>
</kw>
<doc>This is some basics about the test</doc>
<tag>1006</tag>
<tag>Contacts</tag>
<tag>Smoke</tag>
<status status="PASS" start="2025-09-11T21:40:11.486351" elapsed="14.766882"/>
</test>
<doc>This is the info about the whole suite</doc>
<status status="PASS" start="2025-09-11T21:40:10.850670" elapsed="15.404546"/>
</suite>
<statistics>
<total>
<stat pass="1" fail="0" skip="0">All Tests</stat>
</total>
<tag>
<stat pass="1" fail="0" skip="0">1006</stat>
<stat pass="1" fail="0" skip="0">Contacts</stat>
<stat pass="1" fail="0" skip="0">Smoke</stat>
</tag>
<suite>
<stat name="Crm" id="s1" pass="1" fail="0" skip="0">Crm</stat>
</suite>
</statistics>
<errors>
</errors>
</robot>
